{"uuid":"85d71ca7-d8c9-41f3-920f-4928eea39f71","historyId":"ff765d74aae8539d098fc4cc4cc8eb7d","fullName":"Runa Login Feature: C8_Login test - negative scenario","labels":[{"name":"tag","value":"regression"},{"name":"host","value":"DESKTOP-3C6J5D0"},{"name":"thread","value":"12952@DESKTOP-3C6J5D0.main(1)"},{"name":"feature","value":"Runa Login Feature"},{"name":"story","value":"C8_Login test - negative scenario"},{"name":"suite","value":"Runa Login Feature"},{"name":"testClass","value":"C8_Login test - negative scenario"},{"name":"framework","value":"cucumber6jvm"},{"name":"language","value":"java"},{"name":"gherkin_uri","value":"file:///F:/Official%20files/QA-05-15Sep21-Seva/Projects/Runa/Payroll/RunaAutomation/Automation-Payroll/Version-08/src/test/java/Features/Login.feature"},{"name":"package","value":"src.test.java.Features.Login_feature.Runa Login Feature"}],"links":[],"name":"C8_Login test - negative scenario","status":"failed","statusDetails":{"known":false,"muted":false,"flaky":false,"message":"The following asserts failed:\n\tno such element: Unable to locate element: {\"method\":\"xpath\",\"selector\":\"//input[@id='email']\"}\n  (Session info: chrome=102.0.5005.115)\nFor documentation on this error, please visit: https://www.seleniumhq.org/exceptions/no_such_element.html\nBuild info: version: '3.141.59', revision: 'e82be7d358', time: '2018-11-14T08:17:03'\nSystem info: host: 'DESKTOP-3C6J5D0', ip: '192.168.10.74', os.name: 'Windows 10', os.arch: 'amd64', os.version: '10.0', java.version: '17'\nDriver info: org.openqa.selenium.chrome.ChromeDriver\nCapabilities {acceptInsecureCerts: false, browserName: chrome, browserVersion: 102.0.5005.115, chrome: {chromedriverVersion: 102.0.5005.61 (0e59bcc00cc4..., userDataDir: C:\\Users\\Acer\\AppData\\Local...}, goog:chromeOptions: {debuggerAddress: localhost:58509}, javascriptEnabled: true, networkConnectionEnabled: false, pageLoadStrategy: normal, platform: WINDOWS, platformName: WINDOWS, proxy: Proxy(), setWindowRect: true, strictFileInteractability: false, timeouts: {implicit: 0, pageLoad: 300000, script: 30000}, unhandledPromptBehavior: dismiss and notify, webauthn:extension:credBlob: true, webauthn:extension:largeBlob: true, webauthn:virtualAuthenticators: true}\nSession ID: 49cb08c6c24d4d818fb43c22ba344c24\n*** Element info: {Using=xpath, value=//input[@id='email']}","trace":"java.lang.AssertionError: The following asserts failed:\n\tno such element: Unable to locate element: {\"method\":\"xpath\",\"selector\":\"//input[@id='email']\"}\n  (Session info: chrome=102.0.5005.115)\nFor documentation on this error, please visit: https://www.seleniumhq.org/exceptions/no_such_element.html\nBuild info: version: '3.141.59', revision: 'e82be7d358', time: '2018-11-14T08:17:03'\nSystem info: host: 'DESKTOP-3C6J5D0', ip: '192.168.10.74', os.name: 'Windows 10', os.arch: 'amd64', os.version: '10.0', java.version: '17'\nDriver info: org.openqa.selenium.chrome.ChromeDriver\nCapabilities {acceptInsecureCerts: false, browserName: chrome, browserVersion: 102.0.5005.115, chrome: {chromedriverVersion: 102.0.5005.61 (0e59bcc00cc4..., userDataDir: C:\\Users\\Acer\\AppData\\Local...}, goog:chromeOptions: {debuggerAddress: localhost:58509}, javascriptEnabled: true, networkConnectionEnabled: false, pageLoadStrategy: normal, platform: WINDOWS, platformName: WINDOWS, proxy: Proxy(), setWindowRect: true, strictFileInteractability: false, timeouts: {implicit: 0, pageLoad: 300000, script: 30000}, unhandledPromptBehavior: dismiss and notify, webauthn:extension:credBlob: true, webauthn:extension:largeBlob: true, webauthn:virtualAuthenticators: true}\nSession ID: 49cb08c6c24d4d818fb43c22ba344c24\n*** Element info: {Using=xpath, value=//input[@id='email']}\r\n\tat org.testng.asserts.SoftAssert.assertAll(SoftAssert.java:47)\r\n\tat org.testng.asserts.SoftAssert.assertAll(SoftAssert.java:31)\r\n\tat pages.BasePage.logFailure(BasePage.java:76)\r\n\tat pages.LoginPage.enterEmail(LoginPage.java:64)\r\n\tat testSteps.LoginTestStep.enterEmail(LoginTestStep.java:28)\r\n\tat ✽.I enter email(file:///F:/Official%20files/QA-05-15Sep21-Seva/Projects/Runa/Payroll/RunaAutomation/Automation-Payroll/Version-08/src/test/java/Features/Login.feature:25)\r\n"},"stage":"finished","description":"Feature Description: Test login feature","steps":[{"name":"Given  I navigate to runa app","status":"passed","statusDetails":{"known":false,"muted":false,"flaky":false},"stage":"finished","steps":[],"attachments":[],"parameters":[],"start":1656519195549,"stop":1656519233850},{"name":"And  I get the data for login with \"login.json\" and \"invalid1\"","status":"passed","statusDetails":{"known":false,"muted":false,"flaky":false},"stage":"finished","steps":[],"attachments":[],"parameters":[],"start":1656519233851,"stop":1656519233852},{"name":"When  I enter email","status":"failed","statusDetails":{"known":false,"muted":false,"flaky":false,"message":"The following asserts failed:\n\tno such element: Unable to locate element: {\"method\":\"xpath\",\"selector\":\"//input[@id='email']\"}\n  (Session info: chrome=102.0.5005.115)\nFor documentation on this error, please visit: https://www.seleniumhq.org/exceptions/no_such_element.html\nBuild info: version: '3.141.59', revision: 'e82be7d358', time: '2018-11-14T08:17:03'\nSystem info: host: 'DESKTOP-3C6J5D0', ip: '192.168.10.74', os.name: 'Windows 10', os.arch: 'amd64', os.version: '10.0', java.version: '17'\nDriver info: org.openqa.selenium.chrome.ChromeDriver\nCapabilities {acceptInsecureCerts: false, browserName: chrome, browserVersion: 102.0.5005.115, chrome: {chromedriverVersion: 102.0.5005.61 (0e59bcc00cc4..., userDataDir: C:\\Users\\Acer\\AppData\\Local...}, goog:chromeOptions: {debuggerAddress: localhost:58509}, javascriptEnabled: true, networkConnectionEnabled: false, pageLoadStrategy: normal, platform: WINDOWS, platformName: WINDOWS, proxy: Proxy(), setWindowRect: true, strictFileInteractability: false, timeouts: {implicit: 0, pageLoad: 300000, script: 30000}, unhandledPromptBehavior: dismiss and notify, webauthn:extension:credBlob: true, webauthn:extension:largeBlob: true, webauthn:virtualAuthenticators: true}\nSession ID: 49cb08c6c24d4d818fb43c22ba344c24\n*** Element info: {Using=xpath, value=//input[@id='email']}","trace":"java.lang.AssertionError: The following asserts failed:\n\tno such element: Unable to locate element: {\"method\":\"xpath\",\"selector\":\"//input[@id='email']\"}\n  (Session info: chrome=102.0.5005.115)\nFor documentation on this error, please visit: https://www.seleniumhq.org/exceptions/no_such_element.html\nBuild info: version: '3.141.59', revision: 'e82be7d358', time: '2018-11-14T08:17:03'\nSystem info: host: 'DESKTOP-3C6J5D0', ip: '192.168.10.74', os.name: 'Windows 10', os.arch: 'amd64', os.version: '10.0', java.version: '17'\nDriver info: org.openqa.selenium.chrome.ChromeDriver\nCapabilities {acceptInsecureCerts: false, browserName: chrome, browserVersion: 102.0.5005.115, chrome: {chromedriverVersion: 102.0.5005.61 (0e59bcc00cc4..., userDataDir: C:\\Users\\Acer\\AppData\\Local...}, goog:chromeOptions: {debuggerAddress: localhost:58509}, javascriptEnabled: true, networkConnectionEnabled: false, pageLoadStrategy: normal, platform: WINDOWS, platformName: WINDOWS, proxy: Proxy(), setWindowRect: true, strictFileInteractability: false, timeouts: {implicit: 0, pageLoad: 300000, script: 30000}, unhandledPromptBehavior: dismiss and notify, webauthn:extension:credBlob: true, webauthn:extension:largeBlob: true, webauthn:virtualAuthenticators: true}\nSession ID: 49cb08c6c24d4d818fb43c22ba344c24\n*** Element info: {Using=xpath, value=//input[@id='email']}\r\n\tat org.testng.asserts.SoftAssert.assertAll(SoftAssert.java:47)\r\n\tat org.testng.asserts.SoftAssert.assertAll(SoftAssert.java:31)\r\n\tat pages.BasePage.logFailure(BasePage.java:76)\r\n\tat pages.LoginPage.enterEmail(LoginPage.java:64)\r\n\tat testSteps.LoginTestStep.enterEmail(LoginTestStep.java:28)\r\n\tat ✽.I enter email(file:///F:/Official%20files/QA-05-15Sep21-Seva/Projects/Runa/Payroll/RunaAutomation/Automation-Payroll/Version-08/src/test/java/Features/Login.feature:25)\r\n"},"stage":"finished","steps":[],"attachments":[],"parameters":[],"start":1656519233853,"stop":1656519253877},{"name":"And  I enter password","status":"skipped","statusDetails":{"known":false,"muted":false,"flaky":false},"stage":"finished","steps":[],"attachments":[],"parameters":[],"start":1656519253880,"stop":1656519253881},{"name":"And  I click getInto button","status":"skipped","statusDetails":{"known":false,"muted":false,"flaky":false},"stage":"finished","steps":[],"attachments":[],"parameters":[],"start":1656519253881,"stop":1656519253882},{"name":"Then  I validate login unsuccessful message","status":"skipped","statusDetails":{"known":false,"muted":false,"flaky":false},"stage":"finished","steps":[],"attachments":[],"parameters":[],"start":1656519253883,"stop":1656519253883}],"attachments":[],"parameters":[{"name":"fileName","value":"login.json"},{"name":"fieldName","value":"invalid1"}],"start":1656519195549,"stop":1656519256866}