{"uuid":"9b8986f8-4478-4d98-a630-2fe8e780088e","historyId":"2f2df584aec7784841109e7cf5855e7","fullName":"Runa Login Feature: C9_Login test - positive scenario","labels":[{"name":"tag","value":"regression"},{"name":"host","value":"DESKTOP-3C6J5D0"},{"name":"thread","value":"12952@DESKTOP-3C6J5D0.main(1)"},{"name":"feature","value":"Runa Login Feature"},{"name":"story","value":"C9_Login test - positive scenario"},{"name":"suite","value":"Runa Login Feature"},{"name":"testClass","value":"C9_Login test - positive scenario"},{"name":"framework","value":"cucumber6jvm"},{"name":"language","value":"java"},{"name":"gherkin_uri","value":"file:///F:/Official%20files/QA-05-15Sep21-Seva/Projects/Runa/Payroll/RunaAutomation/Automation-Payroll/Version-08/src/test/java/Features/Login.feature"},{"name":"package","value":"src.test.java.Features.Login_feature.Runa Login Feature"}],"links":[],"name":"C9_Login test - positive scenario","status":"failed","statusDetails":{"known":false,"muted":false,"flaky":false,"message":"The following asserts failed:\n\tno such element: Unable to locate element: {\"method\":\"xpath\",\"selector\":\"//h1[@data-testid='header-title']\"}\n  (Session info: chrome=102.0.5005.115)\nFor documentation on this error, please visit: https://www.seleniumhq.org/exceptions/no_such_element.html\nBuild info: version: '3.141.59', revision: 'e82be7d358', time: '2018-11-14T08:17:03'\nSystem info: host: 'DESKTOP-3C6J5D0', ip: '192.168.10.74', os.name: 'Windows 10', os.arch: 'amd64', os.version: '10.0', java.version: '17'\nDriver info: org.openqa.selenium.chrome.ChromeDriver\nCapabilities {acceptInsecureCerts: false, browserName: chrome, browserVersion: 102.0.5005.115, chrome: {chromedriverVersion: 102.0.5005.61 (0e59bcc00cc4..., userDataDir: C:\\Users\\Acer\\AppData\\Local...}, goog:chromeOptions: {debuggerAddress: localhost:58428}, javascriptEnabled: true, networkConnectionEnabled: false, pageLoadStrategy: normal, platform: WINDOWS, platformName: WINDOWS, proxy: Proxy(), setWindowRect: true, strictFileInteractability: false, timeouts: {implicit: 0, pageLoad: 300000, script: 30000}, unhandledPromptBehavior: dismiss and notify, webauthn:extension:credBlob: true, webauthn:extension:largeBlob: true, webauthn:virtualAuthenticators: true}\nSession ID: 8bc7a780565a353afa1a40caf217c9fc\n*** Element info: {Using=xpath, value=//h1[@data-testid='header-title']}","trace":"java.lang.AssertionError: The following asserts failed:\n\tno such element: Unable to locate element: {\"method\":\"xpath\",\"selector\":\"//h1[@data-testid='header-title']\"}\n  (Session info: chrome=102.0.5005.115)\nFor documentation on this error, please visit: https://www.seleniumhq.org/exceptions/no_such_element.html\nBuild info: version: '3.141.59', revision: 'e82be7d358', time: '2018-11-14T08:17:03'\nSystem info: host: 'DESKTOP-3C6J5D0', ip: '192.168.10.74', os.name: 'Windows 10', os.arch: 'amd64', os.version: '10.0', java.version: '17'\nDriver info: org.openqa.selenium.chrome.ChromeDriver\nCapabilities {acceptInsecureCerts: false, browserName: chrome, browserVersion: 102.0.5005.115, chrome: {chromedriverVersion: 102.0.5005.61 (0e59bcc00cc4..., userDataDir: C:\\Users\\Acer\\AppData\\Local...}, goog:chromeOptions: {debuggerAddress: localhost:58428}, javascriptEnabled: true, networkConnectionEnabled: false, pageLoadStrategy: normal, platform: WINDOWS, platformName: WINDOWS, proxy: Proxy(), setWindowRect: true, strictFileInteractability: false, timeouts: {implicit: 0, pageLoad: 300000, script: 30000}, unhandledPromptBehavior: dismiss and notify, webauthn:extension:credBlob: true, webauthn:extension:largeBlob: true, webauthn:virtualAuthenticators: true}\nSession ID: 8bc7a780565a353afa1a40caf217c9fc\n*** Element info: {Using=xpath, value=//h1[@data-testid='header-title']}\r\n\tat org.testng.asserts.SoftAssert.assertAll(SoftAssert.java:47)\r\n\tat org.testng.asserts.SoftAssert.assertAll(SoftAssert.java:31)\r\n\tat pages.BasePage.logFailure(BasePage.java:76)\r\n\tat pages.LoginPage.verifyElement(LoginPage.java:93)\r\n\tat testSteps.LoginTestStep.validateLogin(LoginTestStep.java:43)\r\n\tat ✽.I validate login successful message(file:///F:/Official%20files/QA-05-15Sep21-Seva/Projects/Runa/Payroll/RunaAutomation/Automation-Payroll/Version-08/src/test/java/Features/Login.feature:13)\r\n"},"stage":"finished","description":"Feature Description: Test login feature","steps":[{"name":"Given  I navigate to runa app","status":"passed","statusDetails":{"known":false,"muted":false,"flaky":false},"stage":"finished","steps":[],"attachments":[],"parameters":[],"start":1656519156288,"stop":1656519170671},{"name":"And  I get the data for login with \"login.json\" and \"valid\"","status":"passed","statusDetails":{"known":false,"muted":false,"flaky":false},"stage":"finished","steps":[],"attachments":[],"parameters":[],"start":1656519170685,"stop":1656519170803},{"name":"When  I enter email","status":"passed","statusDetails":{"known":false,"muted":false,"flaky":false},"stage":"finished","steps":[],"attachments":[],"parameters":[],"start":1656519170805,"stop":1656519172008},{"name":"And  I enter password","status":"passed","statusDetails":{"known":false,"muted":false,"flaky":false},"stage":"finished","steps":[],"attachments":[],"parameters":[],"start":1656519172011,"stop":1656519172195},{"name":"And  I click getInto button","status":"passed","statusDetails":{"known":false,"muted":false,"flaky":false},"stage":"finished","steps":[],"attachments":[],"parameters":[],"start":1656519172197,"stop":1656519172377},{"name":"Then  I validate login successful message","status":"failed","statusDetails":{"known":false,"muted":false,"flaky":false,"message":"The following asserts failed:\n\tno such element: Unable to locate element: {\"method\":\"xpath\",\"selector\":\"//h1[@data-testid='header-title']\"}\n  (Session info: chrome=102.0.5005.115)\nFor documentation on this error, please visit: https://www.seleniumhq.org/exceptions/no_such_element.html\nBuild info: version: '3.141.59', revision: 'e82be7d358', time: '2018-11-14T08:17:03'\nSystem info: host: 'DESKTOP-3C6J5D0', ip: '192.168.10.74', os.name: 'Windows 10', os.arch: 'amd64', os.version: '10.0', java.version: '17'\nDriver info: org.openqa.selenium.chrome.ChromeDriver\nCapabilities {acceptInsecureCerts: false, browserName: chrome, browserVersion: 102.0.5005.115, chrome: {chromedriverVersion: 102.0.5005.61 (0e59bcc00cc4..., userDataDir: C:\\Users\\Acer\\AppData\\Local...}, goog:chromeOptions: {debuggerAddress: localhost:58428}, javascriptEnabled: true, networkConnectionEnabled: false, pageLoadStrategy: normal, platform: WINDOWS, platformName: WINDOWS, proxy: Proxy(), setWindowRect: true, strictFileInteractability: false, timeouts: {implicit: 0, pageLoad: 300000, script: 30000}, unhandledPromptBehavior: dismiss and notify, webauthn:extension:credBlob: true, webauthn:extension:largeBlob: true, webauthn:virtualAuthenticators: true}\nSession ID: 8bc7a780565a353afa1a40caf217c9fc\n*** Element info: {Using=xpath, value=//h1[@data-testid='header-title']}","trace":"java.lang.AssertionError: The following asserts failed:\n\tno such element: Unable to locate element: {\"method\":\"xpath\",\"selector\":\"//h1[@data-testid='header-title']\"}\n  (Session info: chrome=102.0.5005.115)\nFor documentation on this error, please visit: https://www.seleniumhq.org/exceptions/no_such_element.html\nBuild info: version: '3.141.59', revision: 'e82be7d358', time: '2018-11-14T08:17:03'\nSystem info: host: 'DESKTOP-3C6J5D0', ip: '192.168.10.74', os.name: 'Windows 10', os.arch: 'amd64', os.version: '10.0', java.version: '17'\nDriver info: org.openqa.selenium.chrome.ChromeDriver\nCapabilities {acceptInsecureCerts: false, browserName: chrome, browserVersion: 102.0.5005.115, chrome: {chromedriverVersion: 102.0.5005.61 (0e59bcc00cc4..., userDataDir: C:\\Users\\Acer\\AppData\\Local...}, goog:chromeOptions: {debuggerAddress: localhost:58428}, javascriptEnabled: true, networkConnectionEnabled: false, pageLoadStrategy: normal, platform: WINDOWS, platformName: WINDOWS, proxy: Proxy(), setWindowRect: true, strictFileInteractability: false, timeouts: {implicit: 0, pageLoad: 300000, script: 30000}, unhandledPromptBehavior: dismiss and notify, webauthn:extension:credBlob: true, webauthn:extension:largeBlob: true, webauthn:virtualAuthenticators: true}\nSession ID: 8bc7a780565a353afa1a40caf217c9fc\n*** Element info: {Using=xpath, value=//h1[@data-testid='header-title']}\r\n\tat org.testng.asserts.SoftAssert.assertAll(SoftAssert.java:47)\r\n\tat org.testng.asserts.SoftAssert.assertAll(SoftAssert.java:31)\r\n\tat pages.BasePage.logFailure(BasePage.java:76)\r\n\tat pages.LoginPage.verifyElement(LoginPage.java:93)\r\n\tat testSteps.LoginTestStep.validateLogin(LoginTestStep.java:43)\r\n\tat ✽.I validate login successful message(file:///F:/Official%20files/QA-05-15Sep21-Seva/Projects/Runa/Payroll/RunaAutomation/Automation-Payroll/Version-08/src/test/java/Features/Login.feature:13)\r\n"},"stage":"finished","steps":[],"attachments":[],"parameters":[],"start":1656519172378,"stop":1656519192407}],"attachments":[],"parameters":[{"name":"fileName","value":"login.json"},{"name":"fieldName","value":"valid"}],"start":1656519156283,"stop":1656519195380}